<?xml version="1.0" encoding="UTF-8"?>
<!-- Generated by org.testng.reporters.JUnitReportReporter -->
<testsuite skipped="0" hostname="Muhammeds-MacBook-Pro.local" name="com.careerhack.runners.TestRunner" tests="2" failures="0" timestamp="10 Sep 2022 17:34:35 GMT" time="0.162" errors="0">
  <testcase name="runScenario" time="0.159" classname="com.careerhack.runners.TestRunner"/>
  <testcase name="runScenario" time="0.003" classname="com.careerhack.runners.TestRunner"/>
</testsuite> <!-- com.careerhack.runners.TestRunner -->
